TN:
SF:src/adapters/inbound/tracing.ts
FN:42,(anonymous_0)
FN:45,(anonymous_1)
FN:46,(anonymous_2)
FN:47,(anonymous_3)
FNF:4
FNH:0
FNDA:0,(anonymous_0)
FNDA:0,(anonymous_1)
FNDA:0,(anonymous_2)
FNDA:0,(anonymous_3)
DA:1,7
DA:2,7
DA:3,7
DA:7,7
DA:8,7
DA:9,7
DA:10,7
DA:11,7
DA:12,7
DA:15,7
DA:17,7
DA:42,7
DA:43,0
DA:45,0
DA:46,0
DA:47,0
DA:50,7
LF:17
LH:13
BRDA:15,0,0,7
BRDA:15,0,1,0
BRDA:19,1,0,7
BRDA:19,1,1,0
BRF:4
BRH:2
end_of_record
TN:
SF:src/adapters/inbound/http/app.ts
FN:22,(anonymous_1)
FN:30,(anonymous_2)
FNF:2
FNH:2
FNDA:2,(anonymous_1)
FNDA:1,(anonymous_2)
DA:1,7
DA:2,7
DA:4,7
DA:5,7
DA:6,7
DA:7,7
DA:8,7
DA:9,7
DA:10,7
DA:11,7
DA:13,7
DA:14,7
DA:15,7
DA:16,7
DA:17,7
DA:18,7
DA:19,7
DA:20,7
DA:22,7
DA:23,2
DA:24,2
DA:25,2
DA:27,0
DA:30,7
DA:31,1
DA:34,7
LF:26
LH:25
BRDA:23,0,0,2
BRDA:23,0,1,0
BRF:2
BRH:1
end_of_record
TN:
SF:src/adapters/inbound/http/server.ts
FN:42,(anonymous_10)
FN:46,(anonymous_11)
FN:57,(anonymous_12)
FNF:3
FNH:2
FNDA:1,(anonymous_10)
FNDA:1,(anonymous_11)
FNDA:0,(anonymous_12)
DA:1,7
DA:2,7
DA:3,7
DA:4,7
DA:5,7
DA:6,7
DA:7,7
DA:8,7
DA:9,7
DA:11,7
DA:12,7
DA:13,0
DA:16,7
DA:17,7
DA:23,7
DA:26,7
DA:27,7
DA:32,7
DA:35,7
DA:36,7
DA:39,7
DA:42,7
DA:43,1
DA:46,7
DA:47,1
DA:48,1
DA:52,7
DA:55,7
DA:56,7
DA:57,0
DA:58,0
DA:62,7
LF:32
LH:29
BRDA:12,0,0,0
BRDA:12,0,1,7
BRDA:56,1,0,0
BRDA:56,1,1,7
BRF:4
BRH:2
end_of_record
TN:
SF:src/adapters/inbound/http/middlewares/jwt.ts
FN:17,retriveToken
FN:27,jwtMiddleware
FNF:2
FNH:2
FNDA:10,retriveToken
FNDA:10,jwtMiddleware
DA:2,7
DA:3,7
DA:5,7
DA:6,7
DA:8,7
DA:18,10
DA:19,10
DA:24,0
DA:27,7
DA:32,10
DA:33,10
DA:34,10
DA:39,10
DA:40,10
DA:41,10
DA:43,0
DA:44,0
LF:17
LH:14
BRDA:18,0,0,10
BRDA:18,0,1,0
BRF:2
BRH:1
end_of_record
TN:
SF:src/adapters/inbound/http/middlewares/trace.ts
FN:7,traceMiddleware
FN:15,(anonymous_1)
FN:18,(anonymous_2)
FNF:3
FNH:3
FNDA:28,traceMiddleware
FNDA:28,(anonymous_1)
FNDA:37,(anonymous_2)
DA:1,7
DA:4,7
DA:5,7
DA:7,7
DA:12,28
DA:14,28
DA:15,28
DA:16,28
DA:17,28
DA:18,28
DA:21,37
DA:22,37
DA:26,37
DA:27,37
DA:33,37
DA:35,28
DA:37,28
LF:17
LH:17
BRF:0
BRH:0
end_of_record
TN:
SF:src/adapters/inbound/http/routes/login.route.ts
FN:26,(anonymous_9)
FN:41,(anonymous_10)
FNF:2
FNH:2
FNDA:8,(anonymous_9)
FNDA:1,(anonymous_10)
DA:1,7
DA:8,7
DA:10,7
DA:11,7
DA:13,7
DA:14,7
DA:21,7
DA:26,7
DA:31,8
DA:32,8
DA:33,8
DA:34,8
DA:35,7
DA:37,1
DA:41,7
DA:46,1
DA:47,1
DA:48,1
DA:49,1
DA:51,0
DA:55,7
LF:21
LH:20
BRF:0
BRH:0
end_of_record
TN:
SF:src/adapters/inbound/http/routes/logout.route.ts
FN:12,(anonymous_0)
FNF:1
FNH:1
FNDA:1,(anonymous_0)
DA:1,7
DA:8,7
DA:10,7
DA:12,7
DA:17,1
DA:18,1
DA:19,1
DA:20,1
DA:22,0
DA:26,7
LF:10
LH:9
BRF:0
BRH:0
end_of_record
TN:
SF:src/adapters/inbound/http/routes/mfa.route.ts
FN:17,(anonymous_9)
FN:35,(anonymous_10)
FN:61,(anonymous_11)
FN:94,(anonymous_12)
FN:128,(anonymous_13)
FNF:5
FNH:5
FNDA:1,(anonymous_9)
FNDA:1,(anonymous_10)
FNDA:2,(anonymous_11)
FNDA:2,(anonymous_12)
FNDA:1,(anonymous_13)
DA:1,7
DA:2,7
DA:9,7
DA:11,7
DA:12,7
DA:14,7
DA:15,7
DA:17,7
DA:22,1
DA:23,1
DA:24,0
DA:26,1
DA:27,1
DA:28,1
DA:29,1
DA:31,0
DA:35,7
DA:40,1
DA:41,1
DA:42,1
DA:43,1
DA:44,1
DA:46,0
DA:54,7
DA:61,7
DA:66,2
DA:67,2
DA:70,2
DA:71,2
DA:72,2
DA:74,0
DA:82,7
DA:87,7
DA:90,7
DA:94,7
DA:99,2
DA:100,2
DA:101,2
DA:104,2
DA:105,2
DA:106,2
DA:108,0
DA:113,0
DA:121,7
DA:128,7
DA:129,1
DA:130,1
DA:133,1
DA:134,1
DA:135,1
DA:137,0
DA:141,7
LF:52
LH:45
BRDA:23,0,0,0
BRDA:23,0,1,1
BRF:2
BRH:1
end_of_record
TN:
SF:src/adapters/inbound/http/routes/organization.route.ts
FN:24,(anonymous_9)
FN:50,(anonymous_10)
FN:77,(anonymous_11)
FNF:3
FNH:2
FNDA:1,(anonymous_9)
FNDA:0,(anonymous_10)
FNDA:1,(anonymous_11)
DA:1,7
DA:8,7
DA:10,7
DA:12,7
DA:13,7
DA:19,7
DA:24,7
DA:29,1
DA:30,1
DA:33,1
DA:34,1
DA:35,1
DA:37,0
DA:45,7
DA:50,7
DA:55,0
DA:57,0
DA:58,0
DA:59,0
DA:60,0
DA:62,0
DA:71,7
DA:77,7
DA:82,1
DA:84,1
DA:85,1
DA:86,1
DA:87,1
DA:89,0
DA:93,7
LF:30
LH:22
BRF:0
BRH:0
end_of_record
TN:
SF:src/adapters/inbound/http/routes/reset_password.route.ts
FN:23,(anonymous_9)
FN:48,(anonymous_10)
FNF:2
FNH:2
FNDA:1,(anonymous_9)
FNDA:2,(anonymous_10)
DA:1,7
DA:8,7
DA:10,7
DA:12,7
DA:13,7
DA:19,7
DA:23,7
DA:28,1
DA:29,1
DA:30,1
DA:31,1
DA:32,1
DA:34,0
DA:43,7
DA:48,7
DA:53,2
DA:55,2
DA:56,2
DA:57,2
DA:58,1
DA:60,1
DA:64,7
LF:22
LH:21
BRF:0
BRH:0
end_of_record
TN:
SF:src/adapters/inbound/http/routes/user.route.ts
FN:26,(anonymous_9)
FN:60,(anonymous_10)
FN:83,(anonymous_11)
FNF:3
FNH:3
FNDA:1,(anonymous_9)
FNDA:1,(anonymous_10)
FNDA:1,(anonymous_11)
DA:1,7
DA:8,7
DA:10,7
DA:12,7
DA:13,7
DA:20,7
DA:26,7
DA:31,1
DA:32,1
DA:35,1
DA:36,1
DA:37,1
DA:39,0
DA:51,7
DA:60,7
DA:65,1
DA:67,1
DA:68,1
DA:69,1
DA:77,1
DA:79,0
DA:83,7
DA:84,1
DA:85,1
DA:86,1
DA:87,1
DA:89,0
DA:93,7
LF:28
LH:25
BRF:0
BRH:0
end_of_record
TN:
SF:src/adapters/outbound/mfa.repository.ts
FN:28,(anonymous_0)
FN:35,(anonymous_1)
FN:77,(anonymous_2)
FN:88,(anonymous_3)
FN:91,(anonymous_4)
FN:102,(anonymous_5)
FN:134,(anonymous_6)
FNF:7
FNH:6
FNDA:84,(anonymous_0)
FNDA:5,(anonymous_1)
FNDA:9,(anonymous_2)
FNDA:5,(anonymous_3)
FNDA:0,(anonymous_4)
FNDA:4,(anonymous_5)
FNDA:3,(anonymous_6)
DA:4,11
DA:7,11
DA:12,11
DA:19,11
DA:27,11
DA:29,84
DA:30,84
DA:31,84
DA:33,84
DA:36,5
DA:45,5
DA:51,5
DA:52,1
DA:54,4
DA:57,4
DA:58,0
DA:60,4
DA:66,4
DA:69,4
DA:70,1
DA:71,1
DA:72,1
DA:74,3
DA:80,9
DA:84,9
DA:88,9
DA:92,0
DA:97,0
DA:98,0
DA:110,4
DA:119,4
DA:124,4
DA:125,1
DA:127,3
DA:135,3
DA:139,3
DA:142,3
LF:37
LH:33
BRDA:51,0,0,1
BRDA:51,0,1,4
BRDA:54,1,0,0
BRDA:54,1,1,4
BRDA:54,2,0,4
BRDA:54,2,1,1
BRDA:57,3,0,0
BRDA:57,3,1,4
BRDA:57,4,0,4
BRDA:57,4,1,1
BRDA:69,5,0,1
BRDA:69,5,1,3
BRDA:97,6,0,0
BRDA:97,6,1,0
BRDA:124,7,0,1
BRDA:124,7,1,3
BRF:16
BRH:12
end_of_record
TN:
SF:src/adapters/outbound/mfa_choose.repository.ts
FN:15,(anonymous_0)
FN:20,(anonymous_1)
FN:30,(anonymous_2)
FNF:3
FNH:3
FNDA:52,(anonymous_0)
FNDA:3,(anonymous_1)
FNDA:3,(anonymous_2)
DA:5,10
DA:11,10
DA:14,52
DA:16,52
DA:17,52
DA:21,3
DA:22,3
DA:27,3
DA:33,3
DA:37,3
DA:38,0
DA:42,3
LF:12
LH:11
BRDA:37,0,0,0
BRDA:37,0,1,3
BRF:2
BRH:1
end_of_record
TN:
SF:src/adapters/outbound/mfa_code.repository.ts
FN:23,(anonymous_0)
FN:29,(anonymous_1)
FN:40,(anonymous_2)
FN:50,(anonymous_3)
FN:56,(anonymous_4)
FNF:5
FNH:5
FNDA:81,(anonymous_0)
FNDA:3,(anonymous_1)
FNDA:4,(anonymous_2)
FNDA:4,(anonymous_3)
FNDA:1,(anonymous_4)
DA:6,10
DA:12,10
DA:18,10
DA:21,81
DA:24,81
DA:25,81
DA:26,81
DA:33,3
DA:34,3
DA:35,3
DA:36,3
DA:37,3
DA:41,4
DA:42,4
DA:43,1
DA:47,3
DA:51,4
DA:52,1
DA:57,1
DA:58,1
DA:59,1
LF:21
LH:21
BRDA:42,0,0,1
BRDA:42,0,1,3
BRDA:51,1,0,1
BRDA:51,1,1,3
BRDA:58,2,0,1
BRDA:58,2,1,0
BRF:6
BRH:5
end_of_record
TN:
SF:src/adapters/outbound/notification.provider.ts
FN:26,(anonymous_0)
FN:31,(anonymous_1)
FN:51,(anonymous_2)
FN:73,(anonymous_3)
FN:90,(anonymous_4)
FN:110,(anonymous_5)
FN:132,(anonymous_6)
FN:149,(anonymous_7)
FN:160,(anonymous_8)
FNF:9
FNH:8
FNDA:107,(anonymous_0)
FNDA:3,(anonymous_1)
FNDA:3,(anonymous_2)
FNDA:3,(anonymous_3)
FNDA:2,(anonymous_4)
FNDA:1,(anonymous_5)
FNDA:0,(anonymous_6)
FNDA:1,(anonymous_7)
FNDA:1,(anonymous_8)
DA:4,12
DA:5,12
DA:7,12
DA:12,12
DA:19,12
DA:27,107
DA:28,107
DA:32,3
DA:36,3
DA:37,1
DA:41,2
DA:52,3
DA:58,3
DA:59,1
DA:63,2
DA:78,3
DA:80,1
DA:81,1
DA:83,1
DA:84,1
DA:86,1
DA:91,2
DA:95,2
DA:96,1
DA:100,1
DA:111,1
DA:117,1
DA:118,1
DA:122,0
DA:137,0
DA:139,0
DA:140,0
DA:142,0
DA:143,0
DA:145,0
DA:150,1
DA:161,1
LF:37
LH:30
BRDA:36,0,0,1
BRDA:36,0,1,2
BRDA:58,1,0,1
BRDA:58,1,1,2
BRDA:78,2,0,1
BRDA:78,2,1,1
BRDA:78,2,2,1
BRDA:95,3,0,1
BRDA:95,3,1,1
BRDA:117,4,0,1
BRDA:117,4,1,0
BRDA:137,5,0,0
BRDA:137,5,1,0
BRDA:137,5,2,0
BRF:14
BRH:10
end_of_record
TN:
SF:src/adapters/outbound/organization.repository.ts
FN:44,(anonymous_0)
FN:46,(anonymous_1)
FN:78,(anonymous_2)
FN:101,(anonymous_3)
FN:115,(anonymous_4)
FN:131,(anonymous_5)
FNF:6
FNH:6
FNDA:111,(anonymous_0)
FNDA:3,(anonymous_1)
FNDA:4,(anonymous_2)
FNDA:2,(anonymous_3)
FNDA:3,(anonymous_4)
FNDA:3,(anonymous_5)
DA:4,9
DA:9,9
DA:14,9
DA:19,9
DA:37,9
DA:44,111
DA:47,3
DA:50,3
DA:51,1
DA:55,2
DA:61,2
DA:62,1
DA:66,1
DA:70,1
DA:75,1
DA:79,4
DA:80,2
DA:83,2
DA:84,1
DA:89,3
DA:93,3
DA:98,3
DA:106,2
DA:110,2
DA:116,3
DA:119,3
DA:120,1
DA:124,2
DA:135,3
DA:139,1
DA:143,2
DA:144,1
DA:146,1
DA:149,1
DA:154,1
LF:35
LH:35
BRDA:50,0,0,1
BRDA:50,0,1,2
BRDA:61,1,0,1
BRDA:61,1,1,1
BRDA:79,2,0,2
BRDA:79,2,1,2
BRDA:83,3,0,1
BRDA:83,3,1,1
BRDA:91,4,0,3
BRDA:91,4,1,2
BRDA:107,5,0,2
BRDA:107,5,1,2
BRDA:108,6,0,2
BRDA:108,6,1,0
BRDA:119,7,0,1
BRDA:119,7,1,2
BRDA:135,8,0,1
BRDA:135,8,1,2
BRDA:136,9,0,3
BRDA:136,9,1,3
BRDA:143,10,0,1
BRDA:143,10,1,1
BRF:22
BRH:21
end_of_record
TN:
SF:src/adapters/outbound/reset_password.repository.ts
FN:15,(anonymous_0)
FN:20,(anonymous_1)
FN:26,(anonymous_2)
FNF:3
FNH:3
FNDA:50,(anonymous_0)
FNDA:1,(anonymous_1)
FNDA:2,(anonymous_2)
DA:4,8
DA:10,8
DA:13,50
DA:16,50
DA:17,50
DA:21,1
DA:22,1
DA:23,1
DA:27,2
DA:28,2
DA:29,1
DA:33,1
LF:12
LH:12
BRDA:28,0,0,1
BRDA:28,0,1,1
BRF:2
BRH:2
end_of_record
TN:
SF:src/adapters/outbound/token.repository.ts
FN:11,(anonymous_0)
FN:13,(anonymous_1)
FN:21,(anonymous_2)
FNF:3
FNH:3
FNDA:50,(anonymous_0)
FNDA:2,(anonymous_1)
FNDA:8,(anonymous_2)
DA:1,11
DA:6,11
DA:7,11
DA:9,11
DA:10,50
DA:11,50
DA:14,2
DA:18,2
DA:22,8
DA:23,8
DA:24,8
LF:11
LH:11
BRF:0
BRH:0
end_of_record
TN:
SF:src/adapters/outbound/user.repository.ts
FN:38,(anonymous_0)
FN:44,(anonymous_1)
FN:74,(anonymous_2)
FN:94,(anonymous_3)
FN:115,(anonymous_4)
FN:136,(anonymous_5)
FN:155,(anonymous_6)
FN:166,(anonymous_7)
FN:177,(anonymous_8)
FN:202,(anonymous_9)
FN:227,(anonymous_10)
FN:252,(anonymous_11)
FN:265,(anonymous_12)
FN:270,(anonymous_13)
FN:285,(anonymous_14)
FNF:15
FNH:15
FNDA:90,(anonymous_0)
FNDA:10,(anonymous_1)
FNDA:8,(anonymous_2)
FNDA:1,(anonymous_3)
FNDA:3,(anonymous_4)
FNDA:1,(anonymous_5)
FNDA:2,(anonymous_6)
FNDA:1,(anonymous_7)
FNDA:2,(anonymous_8)
FNDA:2,(anonymous_9)
FNDA:2,(anonymous_10)
FNDA:2,(anonymous_11)
FNDA:5,(anonymous_12)
FNDA:16,(anonymous_13)
FNDA:2,(anonymous_14)
DA:6,16
DA:11,16
DA:17,16
DA:37,16
DA:39,90
DA:40,90
DA:41,90
DA:48,10
DA:52,10
DA:55,10
DA:56,1
DA:58,9
DA:62,9
DA:63,1
DA:65,8
DA:66,8
DA:75,8
DA:79,8
DA:82,8
DA:83,1
DA:85,7
DA:86,7
DA:95,1
DA:99,1
DA:100,1
DA:101,0
DA:103,1
DA:104,0
DA:106,1
DA:107,1
DA:116,3
DA:120,3
DA:121,3
DA:122,1
DA:124,2
DA:125,2
DA:130,2
DA:133,2
DA:137,1
DA:141,1
DA:145,1
DA:146,0
DA:148,1
DA:149,1
DA:152,1
DA:156,2
DA:160,2
DA:163,2
DA:167,1
DA:171,1
DA:174,1
DA:178,2
DA:182,2
DA:186,2
DA:187,1
DA:194,1
DA:196,1
DA:199,1
DA:203,2
DA:207,2
DA:211,2
DA:212,1
DA:219,1
DA:221,1
DA:224,1
DA:228,2
DA:232,2
DA:236,2
DA:237,1
DA:244,1
DA:246,1
DA:249,1
DA:253,2
DA:257,2
DA:261,2
DA:262,0
DA:264,2
DA:266,5
DA:271,16
DA:272,16
DA:273,16
DA:274,16
DA:275,3
DA:277,13
DA:281,13
DA:284,13
DA:286,2
DA:287,2
DA:289,2
DA:290,0
DA:292,2
DA:293,0
DA:295,2
DA:303,13
DA:304,13
DA:305,13
LF:96
LH:90
BRDA:55,0,0,1
BRDA:55,0,1,9
BRDA:62,1,0,1
BRDA:62,1,1,8
BRDA:82,2,0,1
BRDA:82,2,1,7
BRDA:100,3,0,0
BRDA:100,3,1,1
BRDA:103,4,0,0
BRDA:103,4,1,1
BRDA:121,5,0,1
BRDA:121,5,1,2
BRDA:145,6,0,0
BRDA:145,6,1,1
BRDA:186,7,0,1
BRDA:186,7,1,1
BRDA:211,8,0,1
BRDA:211,8,1,1
BRDA:236,9,0,1
BRDA:236,9,1,1
BRDA:261,10,0,0
BRDA:261,10,1,2
BRDA:274,11,0,3
BRDA:274,11,1,13
BRDA:286,12,0,2
BRDA:286,12,1,0
BRDA:289,13,0,0
BRDA:289,13,1,2
BRDA:292,14,0,0
BRDA:292,14,1,2
BRF:30
BRH:23
end_of_record
TN:
SF:src/config/cache.ts
FN:18,(anonymous_0)
FN:28,(anonymous_1)
FN:36,(anonymous_2)
FN:81,(anonymous_3)
FN:93,(anonymous_4)
FN:110,(anonymous_5)
FN:127,(anonymous_6)
FN:141,(anonymous_7)
FN:144,(anonymous_8)
FN:149,(anonymous_9)
FN:154,(anonymous_10)
FNF:11
FNH:10
FNDA:34,(anonymous_0)
FNDA:34,(anonymous_1)
FNDA:0,(anonymous_2)
FNDA:87,(anonymous_3)
FNDA:24,(anonymous_4)
FNDA:30,(anonymous_5)
FNDA:1,(anonymous_6)
FNDA:1,(anonymous_7)
FNDA:9,(anonymous_8)
FNDA:2,(anonymous_9)
FNDA:21,(anonymous_10)
DA:1,10
DA:7,10
DA:10,10
DA:11,10
DA:12,9
DA:13,9
DA:19,34
DA:20,9
DA:22,34
DA:29,34
DA:30,25
DA:33,9
DA:35,0
DA:36,0
DA:38,0
DA:41,9
DA:43,9
DA:44,9
DA:45,9
DA:47,9
DA:48,9
DA:49,9
DA:50,9
DA:51,9
DA:53,0
DA:55,0
DA:56,0
DA:57,0
DA:58,0
DA:61,9
DA:65,9
DA:66,9
DA:68,0
DA:69,0
DA:70,0
DA:72,9
DA:75,9
DA:82,87
DA:83,0
DA:87,87
DA:94,24
DA:95,24
DA:96,24
DA:97,24
DA:98,24
DA:99,23
DA:101,24
DA:103,0
DA:111,30
DA:112,30
DA:113,30
DA:114,30
DA:115,15
DA:117,15
DA:118,15
DA:120,0
DA:122,0
DA:123,0
DA:128,1
DA:129,1
DA:130,1
DA:131,1
DA:133,1
DA:138,1
DA:139,1
DA:141,1
DA:145,9
DA:146,9
DA:150,2
DA:151,2
DA:155,21
DA:156,21
LF:72
LH:56
BRDA:19,0,0,9
BRDA:19,0,1,25
BRDA:29,1,0,25
BRDA:29,1,1,9
BRDA:33,2,0,0
BRDA:33,2,1,9
BRDA:47,3,0,9
BRDA:47,3,1,0
BRDA:51,4,0,9
BRDA:51,4,1,0
BRDA:55,5,0,0
BRDA:55,5,1,0
BRDA:82,6,0,0
BRDA:82,6,1,87
BRDA:98,7,0,23
BRDA:98,7,1,1
BRDA:114,8,0,15
BRDA:114,8,1,15
BRDA:117,9,0,15
BRDA:117,9,1,0
BRF:20
BRH:13
end_of_record
TN:
SF:src/config/database.ts
FN:6,getPostgres
FN:32,(anonymous_1)
FNF:2
FNH:1
FNDA:25,getPostgres
FNDA:0,(anonymous_1)
DA:1,7
DA:6,7
DA:7,25
DA:8,19
DA:10,6
DA:28,6
DA:32,7
LF:7
LH:7
BRDA:7,0,0,19
BRDA:7,0,1,6
BRF:2
BRH:2
end_of_record
TN:
SF:src/config/enviroment_config.ts
FN:21,verifyMandatoryEnv
FN:37,(anonymous_10)
FN:66,getEnv
FNF:3
FNH:3
FNDA:44,verifyMandatoryEnv
FNDA:484,(anonymous_10)
FNDA:44,getEnv
DA:1,23
DA:3,23
DA:22,44
DA:37,484
DA:66,23
DA:67,44
DA:68,0
DA:70,44
DA:97,23
LF:9
LH:8
BRDA:67,0,0,0
BRDA:67,0,1,44
BRDA:89,1,0,44
BRDA:89,1,1,0
BRDA:92,2,0,44
BRDA:92,2,1,0
BRF:6
BRH:3
end_of_record
TN:
SF:src/config/kafka.ts
FN:15,getKafka
FN:28,produce
FNF:2
FNH:2
FNDA:1,getKafka
FNDA:7,produce
DA:1,12
DA:15,12
DA:16,1
DA:17,0
DA:19,1
DA:25,1
DA:28,12
DA:33,7
DA:34,7
DA:35,7
LF:10
LH:9
BRDA:16,0,0,0
BRDA:16,0,1,1
BRF:2
BRH:1
end_of_record
TN:
SF:src/config/logger.ts
FN:10,(anonymous_1)
FN:11,(anonymous_2)
FN:29,(anonymous_3)
FN:43,maskEmail
FN:52,maskPhone
FNF:5
FNH:5
FNDA:28,(anonymous_1)
FNDA:2,(anonymous_2)
FNDA:289,(anonymous_3)
FNDA:28,maskEmail
FNDA:2,maskPhone
DA:1,20
DA:2,20
DA:3,20
DA:5,20
DA:10,28
DA:11,2
DA:31,289
DA:32,289
DA:34,0
DA:35,0
DA:43,20
DA:44,28
DA:45,28
DA:46,28
DA:47,0
DA:49,28
DA:52,20
DA:53,2
DA:54,2
DA:55,0
DA:57,2
LF:21
LH:17
BRDA:7,0,0,20
BRDA:7,0,1,0
BRDA:8,1,0,0
BRDA:8,1,1,0
BRDA:10,2,0,28
BRDA:10,2,1,0
BRDA:11,3,0,2
BRDA:11,3,1,0
BRDA:32,4,0,289
BRDA:32,4,1,0
BRDA:44,5,0,0
BRDA:44,5,1,28
BRDA:44,6,0,28
BRDA:44,6,1,28
BRDA:46,7,0,0
BRDA:46,7,1,28
BRDA:53,8,0,0
BRDA:53,8,1,2
BRDA:54,9,0,0
BRDA:54,9,1,2
BRF:20
BRH:10
end_of_record
TN:
SF:src/core/index.ts
FN:49,getCore
FNF:1
FNH:1
FNDA:25,getCore
DA:1,7
DA:2,7
DA:3,7
DA:4,7
DA:5,7
DA:6,7
DA:7,7
DA:8,7
DA:9,7
DA:10,7
DA:11,7
DA:12,7
DA:13,7
DA:14,7
DA:15,7
DA:39,7
DA:40,7
DA:41,7
DA:42,7
DA:43,7
DA:44,7
DA:45,7
DA:46,7
DA:47,7
DA:49,7
DA:50,25
DA:51,25
DA:52,25
DA:53,25
DA:54,25
DA:56,25
DA:57,25
DA:58,25
DA:60,25
DA:64,25
DA:65,25
DA:68,25
DA:71,25
DA:76,25
DA:81,25
DA:86,25
DA:90,25
DA:94,25
DA:99,25
DA:104,25
DA:109,25
DA:114,25
DA:119,25
DA:124,25
DA:125,25
DA:126,25
DA:130,25
DA:134,25
DA:138,25
DA:143,25
DA:145,25
DA:147,25
DA:153,25
DA:154,25
DA:159,25
DA:166,25
DA:173,25
DA:179,25
DA:186,25
DA:193,25
DA:195,25
LF:66
LH:66
BRF:0
BRH:0
end_of_record
TN:
SF:src/core/driven/adding_user_to_organization.driven.ts
FN:5,(anonymous_0)
FN:11,(anonymous_1)
FNF:2
FNH:2
FNDA:9,(anonymous_0)
FNDA:4,(anonymous_1)
DA:5,9
DA:6,9
DA:7,9
DA:10,9
DA:12,4
DA:13,4
LF:6
LH:6
BRDA:5,0,0,9
BRDA:5,0,1,9
BRF:2
BRH:2
end_of_record
TN:
SF:src/core/driven/creating_mfa.driven.ts
FN:9,(anonymous_0)
FN:15,(anonymous_1)
FNF:2
FNH:2
FNDA:11,(anonymous_0)
FNDA:3,(anonymous_1)
DA:9,11
DA:10,11
DA:11,11
DA:14,11
DA:16,3
DA:17,3
LF:6
LH:6
BRDA:9,0,0,11
BRDA:9,0,1,11
BRF:2
BRH:2
end_of_record
TN:
SF:src/core/driven/creating_organization.driven.ts
FN:5,(anonymous_0)
FN:10,(anonymous_1)
FNF:2
FNH:2
FNDA:9,(anonymous_0)
FNDA:2,(anonymous_1)
DA:5,9
DA:6,9
DA:9,9
DA:11,2
DA:12,2
LF:5
LH:5
BRDA:5,0,0,9
BRDA:5,0,1,9
BRF:2
BRH:2
end_of_record
TN:
SF:src/core/driven/creating_user.driven.ts
FN:5,(anonymous_0)
FN:10,(anonymous_1)
FNF:2
FNH:2
FNDA:16,(anonymous_0)
FNDA:2,(anonymous_1)
DA:5,16
DA:6,16
DA:9,16
DA:11,2
DA:12,2
LF:5
LH:5
BRDA:5,0,0,16
BRDA:5,0,1,16
BRF:2
BRH:2
end_of_record
TN:
SF:src/core/driven/finding_mfa.driven.ts
FN:18,(anonymous_0)
FN:24,(anonymous_1)
FNF:2
FNH:2
FNDA:11,(anonymous_0)
FNDA:2,(anonymous_1)
DA:18,11
DA:19,11
DA:20,11
DA:23,11
DA:25,2
DA:26,2
LF:6
LH:6
BRDA:18,0,0,11
BRDA:18,0,1,11
BRF:2
BRH:2
end_of_record
TN:
SF:src/core/driven/finding_mfa_choose.driven.ts
FN:9,(anonymous_0)
FN:14,(anonymous_1)
FNF:2
FNH:2
FNDA:10,(anonymous_0)
FNDA:1,(anonymous_1)
DA:9,10
DA:10,10
DA:13,10
DA:15,1
DA:16,1
LF:5
LH:5
BRDA:9,0,0,10
BRDA:9,0,1,10
BRF:2
BRH:2
end_of_record
TN:
SF:src/core/driven/finding_mfa_code.driven.ts
FN:13,(anonymous_0)
FN:18,(anonymous_1)
FNF:2
FNH:2
FNDA:10,(anonymous_0)
FNDA:1,(anonymous_1)
DA:13,10
DA:14,10
DA:17,10
DA:19,1
DA:20,1
LF:5
LH:5
BRDA:13,0,0,10
BRDA:13,0,1,10
BRF:2
BRH:2
end_of_record
TN:
SF:src/core/driven/finding_organization.driven.ts
FN:7,(anonymous_0)
FN:12,(anonymous_1)
FNF:2
FNH:2
FNDA:9,(anonymous_0)
FNDA:3,(anonymous_1)
DA:7,9
DA:8,9
DA:11,9
DA:13,3
DA:14,3
LF:5
LH:5
BRDA:7,0,0,9
BRDA:7,0,1,9
BRF:2
BRH:2
end_of_record
TN:
SF:src/core/driven/finding_reset_password.driven.ts
FN:4,(anonymous_0)
FN:9,(anonymous_1)
FNF:2
FNH:2
FNDA:8,(anonymous_0)
FNDA:1,(anonymous_1)
DA:4,8
DA:5,8
DA:8,8
DA:10,1
DA:11,1
LF:5
LH:5
BRDA:4,0,0,8
BRDA:4,0,1,8
BRF:2
BRH:2
end_of_record
TN:
SF:src/core/driven/finding_user.driven.ts
FN:10,(anonymous_0)
FN:17,(anonymous_1)
FNF:2
FNH:2
FNDA:16,(anonymous_0)
FNDA:6,(anonymous_1)
DA:10,16
DA:11,16
DA:12,16
DA:13,16
DA:16,16
DA:18,6
DA:19,6
LF:7
LH:7
BRDA:10,0,0,16
BRDA:10,0,1,16
BRF:2
BRH:2
end_of_record
TN:
SF:src/core/driven/sending_mfa_code.driven.ts
FN:13,(anonymous_0)
FN:20,(anonymous_1)
FNF:2
FNH:2
FNDA:12,(anonymous_0)
FNDA:4,(anonymous_1)
DA:13,12
DA:14,12
DA:15,12
DA:16,12
DA:19,12
DA:21,4
DA:22,4
LF:7
LH:7
BRDA:13,0,0,12
BRDA:13,0,1,12
BRF:2
BRH:2
end_of_record
TN:
SF:src/core/driven/sending_mfa_hash.driven.ts
FN:13,(anonymous_0)
FN:19,(anonymous_1)
FNF:2
FNH:2
FNDA:12,(anonymous_0)
FNDA:2,(anonymous_1)
DA:13,12
DA:14,12
DA:15,12
DA:18,12
DA:20,2
DA:21,2
LF:6
LH:6
BRDA:13,0,0,12
BRDA:13,0,1,12
BRF:2
BRH:2
end_of_record
TN:
SF:src/core/driven/updating_organization.driven.ts
FN:15,(anonymous_0)
FN:20,(anonymous_1)
FNF:2
FNH:2
FNDA:9,(anonymous_0)
FNDA:1,(anonymous_1)
DA:15,9
DA:16,9
DA:19,9
DA:21,1
DA:22,1
LF:5
LH:5
BRDA:15,0,0,9
BRDA:15,0,1,9
BRF:2
BRH:2
end_of_record
TN:
SF:src/core/driven/updating_user.driven.ts
FN:12,(anonymous_0)
FN:17,(anonymous_1)
FNF:2
FNH:2
FNDA:1,(anonymous_0)
FNDA:1,(anonymous_1)
DA:12,1
DA:13,1
DA:16,1
DA:18,1
DA:19,1
LF:5
LH:5
BRDA:12,0,0,1
BRDA:12,0,1,1
BRF:2
BRH:2
end_of_record
TN:
SF:src/core/driven/validating_code.driven.ts
FN:6,(anonymous_0)
FN:12,(anonymous_1)
FNF:2
FNH:2
FNDA:10,(anonymous_0)
FNDA:2,(anonymous_1)
DA:6,10
DA:7,10
DA:8,10
DA:11,10
DA:13,2
DA:14,2
LF:6
LH:6
BRDA:6,0,0,10
BRDA:6,0,1,10
BRF:2
BRH:2
end_of_record
TN:
SF:src/core/driver/add_user_to_organization.driver.ts
FN:5,(anonymous_0)
FN:12,(anonymous_1)
FNF:2
FNH:2
FNDA:8,(anonymous_0)
FNDA:5,(anonymous_1)
DA:5,8
DA:6,8
DA:7,8
DA:8,8
DA:11,8
DA:13,5
DA:14,5
LF:7
LH:7
BRDA:5,0,0,8
BRDA:5,0,1,8
BRF:2
BRH:2
end_of_record
TN:
SF:src/core/driver/choose_mfa.driver.ts
FN:7,(anonymous_0)
FN:15,(anonymous_1)
FNF:2
FNH:2
FNDA:8,(anonymous_0)
FNDA:4,(anonymous_1)
DA:7,8
DA:8,8
DA:9,8
DA:10,8
DA:11,8
DA:14,8
DA:16,4
DA:17,4
LF:8
LH:8
BRDA:7,0,0,8
BRDA:7,0,1,8
BRF:2
BRH:2
end_of_record
TN:
SF:src/core/driver/create_mfa.driver.ts
FN:7,(anonymous_0)
FN:15,(anonymous_1)
FNF:2
FNH:2
FNDA:8,(anonymous_0)
FNDA:3,(anonymous_1)
DA:7,8
DA:8,8
DA:9,8
DA:10,8
DA:11,8
DA:14,8
DA:16,3
DA:17,3
LF:8
LH:8
BRDA:7,0,0,8
BRDA:7,0,1,8
BRF:2
BRH:2
end_of_record
TN:
SF:src/core/driver/create_organization.driver.ts
FN:5,(anonymous_0)
FN:12,(anonymous_1)
FNF:2
FNH:2
FNDA:8,(anonymous_0)
FNDA:2,(anonymous_1)
DA:5,8
DA:6,8
DA:7,8
DA:8,8
DA:11,8
DA:13,2
DA:14,2
LF:7
LH:7
BRDA:5,0,0,8
BRDA:5,0,1,8
BRF:2
BRH:2
end_of_record
TN:
SF:src/core/driver/create_user.driver.ts
FN:5,(anonymous_0)
FN:11,(anonymous_1)
FNF:2
FNH:2
FNDA:8,(anonymous_0)
FNDA:2,(anonymous_1)
DA:5,8
DA:6,8
DA:7,8
DA:10,8
DA:12,2
DA:13,2
LF:6
LH:6
BRDA:5,0,0,8
BRDA:5,0,1,8
BRF:2
BRH:2
end_of_record
TN:
SF:src/core/driver/find_mfa_code.driver.ts
FN:6,(anonymous_0)
FN:14,(anonymous_1)
FNF:2
FNH:2
FNDA:8,(anonymous_0)
FNDA:1,(anonymous_1)
DA:6,8
DA:7,8
DA:8,8
DA:9,8
DA:10,8
DA:13,8
DA:15,1
DA:16,1
LF:8
LH:8
BRDA:6,0,0,8
BRDA:6,0,1,8
BRF:2
BRH:2
end_of_record
TN:
SF:src/core/driver/forget_password.driver.ts
FN:5,(anonymous_0)
FN:10,(anonymous_1)
FNF:2
FNH:1
FNDA:8,(anonymous_0)
FNDA:0,(anonymous_1)
DA:5,8
DA:6,8
DA:9,8
DA:11,0
DA:12,0
LF:5
LH:3
BRDA:5,0,0,8
BRDA:5,0,1,8
BRF:2
BRH:2
end_of_record
TN:
SF:src/core/driver/list_mfa.driver.ts
FN:7,(anonymous_0)
FN:13,(anonymous_1)
FNF:2
FNH:2
FNDA:8,(anonymous_0)
FNDA:2,(anonymous_1)
DA:7,8
DA:8,8
DA:9,8
DA:12,8
DA:14,2
DA:15,2
LF:6
LH:6
BRDA:7,0,0,8
BRDA:7,0,1,8
BRF:2
BRH:2
end_of_record
TN:
SF:src/core/driver/login_user.driver.ts
FN:13,(anonymous_0)
FN:19,(anonymous_1)
FNF:2
FNH:2
FNDA:8,(anonymous_0)
FNDA:2,(anonymous_1)
DA:13,8
DA:14,8
DA:15,8
DA:18,8
DA:20,2
DA:21,2
LF:6
LH:6
BRDA:13,0,0,8
BRDA:13,0,1,8
BRF:2
BRH:2
end_of_record
TN:
SF:src/core/driver/logout_user.driver.ts
FN:5,(anonymous_0)
FN:10,(anonymous_1)
FNF:2
FNH:2
FNDA:8,(anonymous_0)
FNDA:1,(anonymous_1)
DA:5,8
DA:6,8
DA:9,8
DA:11,1
DA:12,1
LF:5
LH:5
BRDA:5,0,0,8
BRDA:5,0,1,8
BRF:2
BRH:2
end_of_record
TN:
SF:src/core/driver/recover_password.driver.ts
FN:5,(anonymous_0)
FN:10,(anonymous_1)
FNF:2
FNH:2
FNDA:8,(anonymous_0)
FNDA:1,(anonymous_1)
DA:5,8
DA:6,8
DA:9,8
DA:11,1
DA:12,1
LF:5
LH:5
BRDA:5,0,0,8
BRDA:5,0,1,8
BRF:2
BRH:2
end_of_record
TN:
SF:src/core/driver/refresh_token.driver.ts
FN:7,(anonymous_0)
FN:12,(anonymous_1)
FNF:2
FNH:1
FNDA:8,(anonymous_0)
FNDA:0,(anonymous_1)
DA:7,8
DA:8,8
DA:11,8
DA:13,0
DA:14,0
LF:5
LH:3
BRDA:7,0,0,8
BRDA:7,0,1,8
BRF:2
BRH:2
end_of_record
TN:
SF:src/core/driver/update_organization.driver.ts
FN:9,(anonymous_0)
FN:17,(anonymous_1)
FNF:2
FNH:2
FNDA:8,(anonymous_0)
FNDA:4,(anonymous_1)
DA:9,8
DA:10,8
DA:11,8
DA:12,8
DA:13,8
DA:16,8
DA:18,4
DA:19,4
LF:8
LH:8
BRDA:9,0,0,8
BRDA:9,0,1,8
BRF:2
BRH:2
end_of_record
TN:
SF:src/core/driver/update_user.driver.ts
FN:14,(anonymous_0)
FN:20,(anonymous_1)
FNF:2
FNH:2
FNDA:8,(anonymous_0)
FNDA:1,(anonymous_1)
DA:14,8
DA:15,8
DA:16,8
DA:19,8
DA:21,1
DA:22,1
LF:6
LH:6
BRDA:14,0,0,8
BRDA:14,0,1,8
BRF:2
BRH:2
end_of_record
TN:
SF:src/core/driver/validate_mfa.driver.ts
FN:5,(anonymous_0)
FN:10,(anonymous_1)
FNF:2
FNH:2
FNDA:8,(anonymous_0)
FNDA:1,(anonymous_1)
DA:5,8
DA:6,8
DA:9,8
DA:11,1
DA:12,1
LF:5
LH:5
BRDA:5,0,0,8
BRDA:5,0,1,8
BRF:2
BRH:2
end_of_record
TN:
SF:src/core/entities/strategy.ts
FN:1,(anonymous_0)
FNF:1
FNH:1
FNDA:17,(anonymous_0)
DA:1,17
DA:2,17
DA:3,17
DA:4,17
LF:4
LH:4
BRDA:1,0,0,17
BRDA:1,0,1,17
BRF:2
BRH:2
end_of_record
TN:
SF:src/core/services/password.service.ts
FN:6,(anonymous_1)
FN:11,(anonymous_2)
FN:15,(anonymous_3)
FNF:3
FNH:3
FNDA:3,(anonymous_1)
FNDA:9,(anonymous_2)
FNDA:4,(anonymous_3)
DA:1,9
DA:2,9
DA:4,9
DA:5,28
DA:7,3
DA:8,3
DA:12,9
DA:16,4
DA:17,4
LF:9
LH:9
BRF:0
BRH:0
end_of_record
TN:
SF:src/core/services/totp.service.ts
FN:6,(anonymous_1)
FN:10,(anonymous_2)
FN:19,(anonymous_3)
FNF:3
FNH:1
FNDA:0,(anonymous_1)
FNDA:4,(anonymous_2)
FNDA:0,(anonymous_3)
DA:1,10
DA:2,10
DA:3,10
DA:4,27
DA:7,0
DA:11,4
DA:12,4
DA:13,24
DA:14,24
DA:16,4
DA:20,0
DA:28,0
DA:29,0
LF:13
LH:9
BRDA:10,0,0,4
BRF:1
BRH:1
end_of_record
TN:
SF:src/core/services/uuid.service.ts
FN:4,(anonymous_0)
FNF:1
FNH:1
FNDA:6,(anonymous_0)
DA:1,10
DA:3,10
DA:5,6
LF:3
LH:3
BRF:0
BRH:0
end_of_record
TN:
SF:src/core/usecases/login.usecase.ts
FN:18,(anonymous_0)
FN:25,(anonymous_1)
FN:40,(anonymous_2)
FNF:3
FNH:3
FNDA:28,(anonymous_0)
FNDA:11,(anonymous_1)
FNDA:3,(anonymous_2)
DA:1,8
DA:5,8
DA:6,8
DA:10,8
DA:17,8
DA:19,28
DA:20,28
DA:21,28
DA:22,28
DA:29,11
DA:33,11
DA:34,11
DA:38,9
DA:39,9
DA:40,3
DA:41,3
DA:42,3
DA:50,3
DA:52,6
DA:53,6
DA:57,6
DA:65,2
DA:66,2
DA:68,2
DA:72,2
DA:74,0
DA:78,0
DA:80,0
DA:84,0
DA:86,0
DA:90,0
LF:31
LH:25
BRDA:39,0,0,3
BRDA:39,0,1,6
BRDA:66,1,0,2
BRDA:66,1,1,0
BRDA:66,1,2,0
BRDA:66,1,3,0
BRF:6
BRH:3
end_of_record
TN:
SF:src/core/usecases/logout.usecase.ts
FN:10,(anonymous_0)
FN:12,(anonymous_1)
FNF:2
FNH:2
FNDA:27,(anonymous_0)
FNDA:3,(anonymous_1)
DA:1,8
DA:3,8
DA:9,8
DA:10,27
DA:13,3
DA:14,3
DA:15,3
DA:16,2
DA:21,1
DA:25,1
LF:10
LH:10
BRF:0
BRH:0
end_of_record
TN:
SF:src/core/usecases/mfa.usecase.ts
FN:31,(anonymous_0)
FN:39,(anonymous_1)
FN:113,(anonymous_2)
FN:138,(anonymous_3)
FN:146,(anonymous_4)
FNF:5
FNH:5
FNDA:34,(anonymous_0)
FNDA:5,(anonymous_1)
FNDA:3,(anonymous_2)
FNDA:4,(anonymous_3)
FNDA:3,(anonymous_4)
DA:1,8
DA:2,8
DA:3,8
DA:8,8
DA:14,8
DA:19,8
DA:24,8
DA:30,8
DA:32,34
DA:33,34
DA:34,34
DA:35,34
DA:36,34
DA:40,5
DA:44,5
DA:45,5
DA:46,4
DA:47,2
DA:49,2
DA:50,2
DA:52,0
DA:53,0
DA:55,0
DA:57,2
DA:61,2
DA:63,3
DA:64,3
DA:66,1
DA:75,1
DA:77,1
DA:86,1
DA:88,1
DA:97,1
DA:99,0
DA:108,0
DA:114,3
DA:118,3
DA:119,3
DA:120,2
DA:124,2
DA:126,1
DA:134,1
DA:139,4
DA:143,4
DA:144,4
DA:145,3
DA:146,3
DA:147,2
DA:151,2
DA:153,2
DA:154,2
DA:155,1
DA:159,1
DA:161,1
DA:165,1
LF:55
LH:50
BRDA:47,0,0,2
BRDA:47,0,1,0
BRDA:47,0,2,0
BRDA:61,1,0,2
BRDA:61,1,1,2
BRDA:64,2,0,1
BRDA:64,2,1,1
BRDA:64,2,2,1
BRDA:64,2,3,0
BRDA:154,3,0,1
BRDA:154,3,1,1
BRF:11
BRH:8
end_of_record
TN:
SF:src/core/usecases/mfa_choose.usecase.ts
FN:19,(anonymous_0)
FN:25,(anonymous_1)
FN:32,(anonymous_2)
FNF:3
FNH:3
FNDA:29,(anonymous_0)
FNDA:6,(anonymous_1)
FNDA:5,(anonymous_2)
DA:1,8
DA:4,8
DA:8,8
DA:12,8
DA:18,8
DA:20,29
DA:21,29
DA:22,29
DA:26,6
DA:30,6
DA:31,6
DA:32,5
DA:33,1
DA:36,4
DA:40,4
DA:41,3
DA:45,3
DA:47,3
DA:48,3
DA:51,2
DA:60,2
DA:62,1
DA:70,1
DA:72,0
DA:81,0
DA:83,0
DA:87,0
LF:27
LH:23
BRDA:32,0,0,1
BRDA:32,0,1,4
BRDA:48,1,0,1
BRDA:48,1,1,2
BRDA:48,1,2,1
BRDA:48,1,3,0
BRDA:48,1,4,0
BRF:7
BRH:5
end_of_record
TN:
SF:src/core/usecases/mfa_code.usecase.ts
FN:25,(anonymous_0)
FN:33,(anonymous_1)
FNF:2
FNH:2
FNDA:28,(anonymous_0)
FNDA:5,(anonymous_1)
DA:1,8
DA:3,8
DA:5,8
DA:6,8
DA:10,8
DA:14,8
DA:18,8
DA:24,8
DA:26,28
DA:27,28
DA:28,28
DA:29,28
DA:30,28
DA:34,5
DA:38,5
DA:39,5
DA:40,5
DA:41,5
DA:45,4
DA:46,1
DA:48,3
DA:50,4
DA:51,4
DA:59,4
DA:66,1
DA:67,1
DA:71,1
DA:79,1
DA:81,0
DA:85,0
DA:87,0
DA:91,0
LF:32
LH:28
BRDA:45,0,0,1
BRDA:45,0,1,3
BRDA:45,1,0,4
BRDA:45,1,1,1
BRDA:67,2,0,0
BRDA:67,2,1,0
BRDA:67,2,2,1
BRDA:67,2,3,0
BRDA:67,2,4,0
BRF:9
BRH:5
end_of_record
TN:
SF:src/core/usecases/organization.usecase.ts
FN:41,(anonymous_0)
FN:49,(anonymous_1)
FN:87,(anonymous_2)
FN:156,(anonymous_3)
FNF:4
FNH:4
FNDA:42,(anonymous_0)
FNDA:5,(anonymous_1)
FNDA:6,(anonymous_2)
FNDA:8,(anonymous_3)
DA:1,8
DA:2,8
DA:6,8
DA:10,8
DA:14,8
DA:18,8
DA:22,8
DA:27,8
DA:32,8
DA:38,8
DA:42,42
DA:43,42
DA:44,42
DA:45,42
DA:46,42
DA:50,5
DA:54,5
DA:55,5
DA:56,3
DA:60,3
DA:62,2
DA:63,2
DA:64,1
DA:73,1
DA:77,1
DA:81,1
DA:88,6
DA:92,6
DA:93,6
DA:94,4
DA:98,1
DA:107,1
DA:109,5
DA:110,5
DA:113,2
DA:123,2
DA:127,1
DA:136,1
DA:140,2
DA:149,2
DA:161,8
DA:165,8
DA:166,8
DA:167,6
DA:168,4
DA:169,3
DA:171,4
DA:172,4
DA:176,4
DA:178,4
DA:179,4
DA:181,2
DA:185,2
DA:189,1
DA:197,1
DA:201,1
DA:205,1
LF:57
LH:57
BRDA:63,0,0,1
BRDA:63,0,1,1
BRDA:110,1,0,1
BRDA:110,1,1,2
BRDA:110,1,2,1
BRDA:110,1,3,2
BRDA:167,2,0,4
BRDA:167,2,1,2
BRDA:179,3,0,2
BRDA:179,3,1,1
BRDA:179,3,2,1
BRF:11
BRH:11
end_of_record
TN:
SF:src/core/usecases/reset_password.usecase.ts
FN:21,(anonymous_0)
FN:29,(anonymous_1)
FN:54,(anonymous_2)
FNF:3
FNH:3
FNDA:27,(anonymous_0)
FNDA:2,(anonymous_1)
FNDA:3,(anonymous_2)
DA:1,8
DA:7,8
DA:12,8
DA:18,8
DA:22,27
DA:23,27
DA:24,27
DA:25,27
DA:26,27
DA:30,2
DA:34,2
DA:35,2
DA:36,2
DA:37,2
DA:42,0
DA:50,0
DA:55,3
DA:59,3
DA:60,3
DA:61,3
DA:62,2
DA:63,2
DA:64,2
DA:65,2
DA:70,1
DA:78,1
LF:26
LH:24
BRDA:73,0,0,1
BRDA:73,0,1,1
BRF:2
BRH:2
end_of_record
TN:
SF:src/core/usecases/token.usecase.ts
FN:13,(anonymous_0)
FN:19,(anonymous_1)
FNF:2
FNH:2
FNDA:26,(anonymous_0)
FNDA:2,(anonymous_1)
DA:1,8
DA:6,8
DA:12,8
DA:14,26
DA:15,26
DA:16,26
DA:20,2
DA:21,2
DA:22,2
DA:23,2
DA:24,2
DA:32,0
DA:33,0
LF:13
LH:11
BRF:0
BRH:0
end_of_record
TN:
SF:src/core/usecases/user.usecase.ts
FN:24,(anonymous_0)
FN:31,(anonymous_1)
FN:65,(anonymous_2)
FN:94,(anonymous_3)
FN:96,(anonymous_4)
FN:116,(anonymous_5)
FNF:6
FNH:6
FNDA:31,(anonymous_0)
FNDA:4,(anonymous_1)
FNDA:3,(anonymous_2)
FNDA:10,(anonymous_3)
FNDA:4,(anonymous_4)
FNDA:2,(anonymous_5)
DA:1,8
DA:4,8
DA:10,8
DA:16,8
DA:23,8
DA:25,31
DA:26,31
DA:27,31
DA:28,31
DA:32,4
DA:36,4
DA:37,4
DA:38,2
DA:39,2
DA:43,2
DA:45,2
DA:46,2
DA:47,1
DA:55,1
DA:57,1
DA:61,1
DA:66,3
DA:67,3
DA:76,3
DA:77,3
DA:78,3
DA:79,3
DA:81,3
DA:82,1
DA:84,3
DA:85,2
DA:87,3
DA:88,2
DA:90,3
DA:91,2
DA:93,3
DA:94,10
DA:95,3
DA:96,1
DA:97,4
DA:98,1
DA:100,4
DA:102,1
DA:106,1
DA:108,2
DA:112,2
DA:117,2
LF:47
LH:47
BRDA:46,0,0,1
BRDA:46,0,1,1
BRDA:78,1,0,3
BRDA:78,1,1,0
BRDA:81,2,0,1
BRDA:81,2,1,2
BRDA:84,3,0,2
BRDA:84,3,1,1
BRDA:87,4,0,2
BRDA:87,4,1,1
BRDA:90,5,0,2
BRDA:90,5,1,1
BRDA:95,6,0,1
BRDA:95,6,1,2
BRDA:97,7,0,1
BRDA:97,7,1,3
BRF:16
BRH:15
end_of_record
TN:
SF:test/fixtures/generators.ts
FN:8,jsonGenerator
FN:11,(anonymous_2)
FN:19,tokenGenerator
FN:40,gaGenerator
FN:44,deviceIdGenerator
FN:48,passwordGenerator
FNF:6
FNH:4
FNDA:0,jsonGenerator
FNDA:0,(anonymous_2)
FNDA:4,tokenGenerator
FNDA:2,gaGenerator
FNDA:4,deviceIdGenerator
FNDA:32,passwordGenerator
DA:1,15
DA:2,15
DA:3,15
DA:5,15
DA:6,15
DA:8,15
DA:9,0
DA:10,0
DA:11,0
DA:19,15
DA:20,4
DA:21,4
DA:25,4
DA:32,15
DA:40,15
DA:41,2
DA:44,15
DA:45,4
DA:48,15
DA:49,32
DA:51,32
DA:53,32
DA:54,512
DA:55,512
DA:56,512
DA:58,512
DA:60,32
LF:27
LH:24
BRDA:27,0,0,4
BRDA:27,0,1,0
BRF:2
BRH:1
end_of_record
TN:
SF:test/fixtures/multi_factor_authentication.ts
FN:11,insertMfaIntoDatabase
FNF:1
FNH:1
FNDA:9,insertMfaIntoDatabase
DA:11,3
DA:12,9
DA:19,9
LF:3
LH:3
BRDA:16,0,0,9
BRDA:16,0,1,9
BRDA:23,1,0,9
BRDA:23,1,1,9
BRF:4
BRH:4
end_of_record
TN:
SF:test/fixtures/organization.ts
FN:9,insertOrgIntoDatabase
FNF:1
FNH:1
FNDA:12,insertOrgIntoDatabase
DA:1,2
DA:9,2
DA:13,12
DA:14,12
DA:20,12
LF:5
LH:5
BRDA:13,0,0,12
BRDA:13,0,1,12
BRF:2
BRH:2
end_of_record
TN:
SF:test/fixtures/setup_migration.ts
FN:4,setupDB
FN:76,truncate
FNF:2
FNH:1
FNDA:9,setupDB
FNDA:0,truncate
DA:2,9
DA:4,9
DA:5,9
DA:16,9
DA:72,9
DA:73,9
DA:76,9
DA:77,0
DA:78,0
DA:79,0
DA:80,0
DA:81,0
LF:12
LH:7
BRF:0
BRH:0
end_of_record
TN:
SF:test/fixtures/user.ts
FN:25,insertUserIntoDatabase
FNF:1
FNH:1
FNDA:27,insertUserIntoDatabase
DA:1,9
DA:2,9
DA:5,9
DA:25,9
DA:29,27
DA:30,27
DA:31,27
DA:32,27
DA:33,27
DA:34,27
DA:41,27
LF:11
LH:11
BRDA:29,0,0,27
BRDA:29,0,1,24
BRDA:30,1,0,27
BRDA:30,1,1,24
BRDA:31,2,0,27
BRDA:31,2,1,24
BRF:6
BRH:6
end_of_record
TN:
SF:test/fixtures/user_info.ts
FN:12,insertUserInfoIntoDatabase
FNF:1
FNH:1
FNDA:8,insertUserInfoIntoDatabase
DA:1,3
DA:4,3
DA:12,3
DA:16,8
DA:17,8
DA:18,8
DA:25,8
LF:7
LH:7
BRDA:16,0,0,8
BRDA:16,0,1,0
BRDA:17,1,0,8
BRDA:17,1,1,0
BRDA:17,2,0,0
BRDA:17,2,1,0
BRF:6
BRH:2
end_of_record
